<?xml version="1.0" encoding="UTF-8"?>
<coverage generated="1673537807914" clover="3.2.0">
  <project timestamp="1673537807914" name="All files">
    <metrics statements="69" coveredstatements="66" conditionals="26" coveredconditionals="21" methods="11" coveredmethods="11" elements="106" coveredelements="98" complexity="0" loc="69" ncloc="69" packages="1" files="2" classes="2"/>
    <file name="lesson-2.js" path="C:\dev\intellect-fox\if-js\src\lesson-2.js">
      <metrics statements="35" coveredstatements="35" conditionals="12" coveredconditionals="12" methods="1" coveredmethods="1"/>
      <line num="3" count="1" type="stmt"/>
      <line num="7" count="1" type="stmt"/>
      <line num="9" count="1" type="stmt"/>
      <line num="11" count="1" type="stmt"/>
      <line num="14" count="1" type="stmt"/>
      <line num="17" count="1" type="stmt"/>
      <line num="19" count="1" type="stmt"/>
      <line num="22" count="1" type="stmt"/>
      <line num="24" count="1" type="stmt"/>
      <line num="27" count="1" type="stmt"/>
      <line num="29" count="1" type="stmt"/>
      <line num="32" count="1" type="stmt"/>
      <line num="34" count="1" type="stmt"/>
      <line num="37" count="1" type="stmt"/>
      <line num="40" count="1" type="stmt"/>
      <line num="41" count="1" type="stmt"/>
      <line num="43" count="1" type="stmt"/>
      <line num="44" count="4" type="stmt"/>
      <line num="46" count="1" type="stmt"/>
      <line num="48" count="1" type="stmt"/>
      <line num="49" count="2" type="stmt"/>
      <line num="50" count="2" type="stmt"/>
      <line num="51" count="9" type="stmt"/>
      <line num="53" count="2" type="stmt"/>
      <line num="56" count="1" type="stmt"/>
      <line num="58" count="1" type="stmt"/>
      <line num="60" count="1" type="stmt"/>
      <line num="61" count="8" type="cond" truecount="4" falsecount="0"/>
      <line num="62" count="2" type="stmt"/>
      <line num="66" count="1" type="stmt"/>
      <line num="67" count="8" type="cond" truecount="4" falsecount="0"/>
      <line num="68" count="2" type="stmt"/>
      <line num="72" count="1" type="stmt"/>
      <line num="73" count="8" type="cond" truecount="4" falsecount="0"/>
      <line num="74" count="4" type="stmt"/>
    </file>
    <file name="lesson-3.js" path="C:\dev\intellect-fox\if-js\src\lesson-3.js">
      <metrics statements="34" coveredstatements="31" conditionals="14" coveredconditionals="9" methods="10" coveredmethods="10"/>
      <line num="2" count="1" type="stmt"/>
      <line num="3" count="6" type="cond" truecount="1" falsecount="1"/>
      <line num="4" count="0" type="stmt"/>
      <line num="6" count="6" type="stmt"/>
      <line num="12" count="6" type="stmt"/>
      <line num="13" count="26" type="cond" truecount="2" falsecount="0"/>
      <line num="14" count="3" type="stmt"/>
      <line num="18" count="3" type="stmt"/>
      <line num="22" count="1" type="stmt"/>
      <line num="23" count="1" type="cond" truecount="1" falsecount="1"/>
      <line num="24" count="0" type="stmt"/>
      <line num="26" count="1" type="stmt"/>
      <line num="29" count="1" type="stmt"/>
      <line num="30" count="1" type="cond" truecount="1" falsecount="1"/>
      <line num="31" count="1" type="stmt"/>
      <line num="33" count="0" type="stmt"/>
      <line num="36" count="1" type="stmt"/>
      <line num="38" count="1" type="cond" truecount="1" falsecount="1"/>
      <line num="41" count="1" type="stmt"/>
      <line num="43" count="1" type="cond" truecount="1" falsecount="1"/>
      <line num="47" count="1" type="stmt"/>
      <line num="49" count="1" type="stmt"/>
      <line num="50" count="1" type="stmt"/>
      <line num="51" count="8" type="stmt"/>
      <line num="52" count="8" type="cond" truecount="2" falsecount="0"/>
      <line num="53" count="2" type="stmt"/>
      <line num="56" count="1" type="stmt"/>
      <line num="59" count="1" type="stmt"/>
      <line num="60" count="10" type="stmt"/>
      <line num="62" count="1" type="stmt"/>
      <line num="63" count="1" type="stmt"/>
      <line num="64" count="12" type="stmt"/>
      <line num="67" count="1" type="stmt"/>
      <line num="69" count="1" type="stmt"/>
    </file>
  </project>
</coverage>
