{
  "C:\\dev\\intellect-fox\\if-js\\src\\lesson-2.js": {
    "path": "C:\\dev\\intellect-fox\\if-js\\src\\lesson-2.js",
    "statementMap": {
      "0": {
        "start": { "line": 3, "column": 11 },
        "end": { "line": 3, "column": 21 }
      },
      "1": {
        "start": { "line": 7, "column": 16 },
        "end": { "line": 7, "column": 30 }
      },
      "2": {
        "start": { "line": 9, "column": 0 },
        "end": { "line": 9, "column": 21 }
      },
      "3": {
        "start": { "line": 11, "column": 0 },
        "end": { "line": 11, "column": 15 }
      },
      "4": {
        "start": { "line": 14, "column": 0 },
        "end": { "line": 14, "column": 18 }
      },
      "5": {
        "start": { "line": 17, "column": 11 },
        "end": { "line": 17, "column": 12 }
      },
      "6": {
        "start": { "line": 19, "column": 0 },
        "end": { "line": 19, "column": 10 }
      },
      "7": {
        "start": { "line": 22, "column": 0 },
        "end": { "line": 22, "column": 18 }
      },
      "8": {
        "start": { "line": 24, "column": 0 },
        "end": { "line": 24, "column": 12 }
      },
      "9": {
        "start": { "line": 27, "column": 0 },
        "end": { "line": 27, "column": 18 }
      },
      "10": {
        "start": { "line": 29, "column": 0 },
        "end": { "line": 29, "column": 10 }
      },
      "11": {
        "start": { "line": 32, "column": 0 },
        "end": { "line": 32, "column": 18 }
      },
      "12": {
        "start": { "line": 34, "column": 0 },
        "end": { "line": 34, "column": 12 }
      },
      "13": {
        "start": { "line": 37, "column": 0 },
        "end": { "line": 37, "column": 18 }
      },
      "14": {
        "start": { "line": 40, "column": 17 },
        "end": { "line": 40, "column": 29 }
      },
      "15": {
        "start": { "line": 41, "column": 13 },
        "end": { "line": 41, "column": 14 }
      },
      "16": {
        "start": { "line": 43, "column": 0 },
        "end": { "line": 45, "column": 1 }
      },
      "17": {
        "start": { "line": 43, "column": 13 },
        "end": { "line": 43, "column": 14 }
      },
      "18": {
        "start": { "line": 44, "column": 2 },
        "end": { "line": 44, "column": 32 }
      },
      "19": {
        "start": { "line": 46, "column": 0 },
        "end": { "line": 46, "column": 20 }
      },
      "20": {
        "start": { "line": 48, "column": 30 },
        "end": { "line": 54, "column": 1 }
      },
      "21": {
        "start": { "line": 49, "column": 15 },
        "end": { "line": 49, "column": 16 }
      },
      "22": {
        "start": { "line": 50, "column": 2 },
        "end": { "line": 52, "column": 3 }
      },
      "23": {
        "start": { "line": 50, "column": 15 },
        "end": { "line": 50, "column": 16 }
      },
      "24": {
        "start": { "line": 51, "column": 4 },
        "end": { "line": 51, "column": 29 }
      },
      "25": {
        "start": { "line": 53, "column": 2 },
        "end": { "line": 53, "column": 15 }
      },
      "26": {
        "start": { "line": 56, "column": 0 },
        "end": { "line": 56, "column": 37 }
      },
      "27": {
        "start": { "line": 58, "column": 17 },
        "end": { "line": 58, "column": 43 }
      },
      "28": {
        "start": { "line": 60, "column": 0 },
        "end": { "line": 64, "column": 1 }
      },
      "29": {
        "start": { "line": 60, "column": 13 },
        "end": { "line": 60, "column": 14 }
      },
      "30": {
        "start": { "line": 61, "column": 2 },
        "end": { "line": 63, "column": 3 }
      },
      "31": {
        "start": { "line": 62, "column": 4 },
        "end": { "line": 62, "column": 29 }
      },
      "32": {
        "start": { "line": 66, "column": 0 },
        "end": { "line": 70, "column": 1 }
      },
      "33": {
        "start": { "line": 66, "column": 13 },
        "end": { "line": 66, "column": 14 }
      },
      "34": {
        "start": { "line": 67, "column": 2 },
        "end": { "line": 69, "column": 3 }
      },
      "35": {
        "start": { "line": 68, "column": 4 },
        "end": { "line": 68, "column": 29 }
      },
      "36": {
        "start": { "line": 72, "column": 0 },
        "end": { "line": 76, "column": 1 }
      },
      "37": {
        "start": { "line": 72, "column": 13 },
        "end": { "line": 72, "column": 14 }
      },
      "38": {
        "start": { "line": 73, "column": 2 },
        "end": { "line": 75, "column": 3 }
      },
      "39": {
        "start": { "line": 74, "column": 4 },
        "end": { "line": 74, "column": 29 }
      }
    },
    "fnMap": {
      "0": {
        "name": "(anonymous_0)",
        "decl": {
          "start": { "line": 48, "column": 30 },
          "end": { "line": 48, "column": 31 }
        },
        "loc": {
          "start": { "line": 48, "column": 45 },
          "end": { "line": 54, "column": 1 }
        },
        "line": 48
      }
    },
    "branchMap": {
      "0": {
        "loc": {
          "start": { "line": 61, "column": 2 },
          "end": { "line": 63, "column": 3 }
        },
        "type": "if",
        "locations": [
          {
            "start": { "line": 61, "column": 2 },
            "end": { "line": 63, "column": 3 }
          },
          { "start": {}, "end": {} }
        ],
        "line": 61
      },
      "1": {
        "loc": {
          "start": { "line": 61, "column": 6 },
          "end": { "line": 61, "column": 41 }
        },
        "type": "binary-expr",
        "locations": [
          {
            "start": { "line": 61, "column": 6 },
            "end": { "line": 61, "column": 21 }
          },
          {
            "start": { "line": 61, "column": 25 },
            "end": { "line": 61, "column": 41 }
          }
        ],
        "line": 61
      },
      "2": {
        "loc": {
          "start": { "line": 67, "column": 2 },
          "end": { "line": 69, "column": 3 }
        },
        "type": "if",
        "locations": [
          {
            "start": { "line": 67, "column": 2 },
            "end": { "line": 69, "column": 3 }
          },
          { "start": {}, "end": {} }
        ],
        "line": 67
      },
      "3": {
        "loc": {
          "start": { "line": 67, "column": 6 },
          "end": { "line": 67, "column": 41 }
        },
        "type": "binary-expr",
        "locations": [
          {
            "start": { "line": 67, "column": 6 },
            "end": { "line": 67, "column": 21 }
          },
          {
            "start": { "line": 67, "column": 25 },
            "end": { "line": 67, "column": 41 }
          }
        ],
        "line": 67
      },
      "4": {
        "loc": {
          "start": { "line": 73, "column": 2 },
          "end": { "line": 75, "column": 3 }
        },
        "type": "if",
        "locations": [
          {
            "start": { "line": 73, "column": 2 },
            "end": { "line": 75, "column": 3 }
          },
          { "start": {}, "end": {} }
        ],
        "line": 73
      },
      "5": {
        "loc": {
          "start": { "line": 73, "column": 6 },
          "end": { "line": 73, "column": 48 }
        },
        "type": "binary-expr",
        "locations": [
          {
            "start": { "line": 73, "column": 6 },
            "end": { "line": 73, "column": 23 }
          },
          {
            "start": { "line": 73, "column": 27 },
            "end": { "line": 73, "column": 48 }
          }
        ],
        "line": 73
      }
    },
    "s": {
      "0": 1,
      "1": 1,
      "2": 1,
      "3": 1,
      "4": 1,
      "5": 1,
      "6": 1,
      "7": 1,
      "8": 1,
      "9": 1,
      "10": 1,
      "11": 1,
      "12": 1,
      "13": 1,
      "14": 1,
      "15": 1,
      "16": 1,
      "17": 1,
      "18": 4,
      "19": 1,
      "20": 1,
      "21": 2,
      "22": 2,
      "23": 2,
      "24": 9,
      "25": 2,
      "26": 1,
      "27": 1,
      "28": 1,
      "29": 1,
      "30": 8,
      "31": 2,
      "32": 1,
      "33": 1,
      "34": 8,
      "35": 2,
      "36": 1,
      "37": 1,
      "38": 8,
      "39": 4
    },
    "f": { "0": 2 },
    "b": {
      "0": [2, 6],
      "1": [8, 4],
      "2": [2, 6],
      "3": [8, 4],
      "4": [4, 4],
      "5": [8, 7]
    },
    "_coverageSchema": "1a1c01bbd47fc00a2c39e90264f33305004495a9",
    "hash": "b7530578f4cf6273f3a128c25075a6a7ce5a7dab"
  },
  "C:\\dev\\intellect-fox\\if-js\\src\\lesson-3.js": {
    "path": "C:\\dev\\intellect-fox\\if-js\\src\\lesson-3.js",
    "statementMap": {
      "0": {
        "start": { "line": 2, "column": 19 },
        "end": { "line": 19, "column": 1 }
      },
      "1": {
        "start": { "line": 3, "column": 2 },
        "end": { "line": 17, "column": 3 }
      },
      "2": {
        "start": { "line": 4, "column": 4 },
        "end": { "line": 4, "column": 21 }
      },
      "3": {
        "start": { "line": 6, "column": 4 },
        "end": { "line": 11, "column": 38 }
      },
      "4": {
        "start": { "line": 12, "column": 4 },
        "end": { "line": 16, "column": 5 }
      },
      "5": {
        "start": { "line": 12, "column": 17 },
        "end": { "line": 12, "column": 18 }
      },
      "6": {
        "start": { "line": 13, "column": 6 },
        "end": { "line": 15, "column": 7 }
      },
      "7": {
        "start": { "line": 14, "column": 8 },
        "end": { "line": 14, "column": 40 }
      },
      "8": {
        "start": { "line": 18, "column": 2 },
        "end": { "line": 18, "column": 30 }
      },
      "9": {
        "start": { "line": 22, "column": 12 },
        "end": { "line": 27, "column": 1 }
      },
      "10": {
        "start": { "line": 23, "column": 2 },
        "end": { "line": 25, "column": 3 }
      },
      "11": {
        "start": { "line": 24, "column": 4 },
        "end": { "line": 24, "column": 13 }
      },
      "12": {
        "start": { "line": 26, "column": 2 },
        "end": { "line": 26, "column": 11 }
      },
      "13": {
        "start": { "line": 29, "column": 12 },
        "end": { "line": 34, "column": 1 }
      },
      "14": {
        "start": { "line": 30, "column": 2 },
        "end": { "line": 32, "column": 3 }
      },
      "15": {
        "start": { "line": 31, "column": 4 },
        "end": { "line": 31, "column": 13 }
      },
      "16": {
        "start": { "line": 33, "column": 2 },
        "end": { "line": 33, "column": 11 }
      },
      "17": {
        "start": { "line": 36, "column": 19 },
        "end": { "line": 39, "column": 1 }
      },
      "18": {
        "start": { "line": 38, "column": 2 },
        "end": { "line": 38, "column": 26 }
      },
      "19": {
        "start": { "line": 41, "column": 19 },
        "end": { "line": 44, "column": 1 }
      },
      "20": {
        "start": { "line": 43, "column": 2 },
        "end": { "line": 43, "column": 26 }
      },
      "21": {
        "start": { "line": 47, "column": 19 },
        "end": { "line": 47, "column": 59 }
      },
      "22": {
        "start": { "line": 49, "column": 19 },
        "end": { "line": 57, "column": 1 }
      },
      "23": {
        "start": { "line": 50, "column": 2 },
        "end": { "line": 55, "column": 3 }
      },
      "24": {
        "start": { "line": 50, "column": 15 },
        "end": { "line": 50, "column": 16 }
      },
      "25": {
        "start": { "line": 51, "column": 4 },
        "end": { "line": 51, "column": 55 }
      },
      "26": {
        "start": { "line": 52, "column": 4 },
        "end": { "line": 54, "column": 5 }
      },
      "27": {
        "start": { "line": 53, "column": 6 },
        "end": { "line": 53, "column": 30 }
      },
      "28": {
        "start": { "line": 56, "column": 2 },
        "end": { "line": 56, "column": 13 }
      },
      "29": {
        "start": { "line": 59, "column": 22 },
        "end": { "line": 60, "column": 67 }
      },
      "30": {
        "start": { "line": 60, "column": 2 },
        "end": { "line": 60, "column": 67 }
      },
      "31": {
        "start": { "line": 60, "column": 35 },
        "end": { "line": 60, "column": 66 }
      },
      "32": {
        "start": { "line": 62, "column": 30 },
        "end": { "line": 65, "column": 3 }
      },
      "33": {
        "start": { "line": 63, "column": 2 },
        "end": { "line": 65, "column": 3 }
      },
      "34": {
        "start": { "line": 64, "column": 4 },
        "end": { "line": 64, "column": 49 }
      },
      "35": {
        "start": { "line": 67, "column": 20 },
        "end": { "line": 67, "column": 42 }
      },
      "36": {
        "start": { "line": 69, "column": 28 },
        "end": { "line": 69, "column": 65 }
      }
    },
    "fnMap": {
      "0": {
        "name": "(anonymous_0)",
        "decl": {
          "start": { "line": 2, "column": 19 },
          "end": { "line": 2, "column": 20 }
        },
        "loc": {
          "start": { "line": 2, "column": 37 },
          "end": { "line": 19, "column": 1 }
        },
        "line": 2
      },
      "1": {
        "name": "(anonymous_1)",
        "decl": {
          "start": { "line": 22, "column": 12 },
          "end": { "line": 22, "column": 13 }
        },
        "loc": {
          "start": { "line": 22, "column": 28 },
          "end": { "line": 27, "column": 1 }
        },
        "line": 22
      },
      "2": {
        "name": "(anonymous_2)",
        "decl": {
          "start": { "line": 29, "column": 12 },
          "end": { "line": 29, "column": 13 }
        },
        "loc": {
          "start": { "line": 29, "column": 28 },
          "end": { "line": 34, "column": 1 }
        },
        "line": 29
      },
      "3": {
        "name": "(anonymous_3)",
        "decl": {
          "start": { "line": 36, "column": 19 },
          "end": { "line": 36, "column": 20 }
        },
        "loc": {
          "start": { "line": 36, "column": 35 },
          "end": { "line": 39, "column": 1 }
        },
        "line": 36
      },
      "4": {
        "name": "(anonymous_4)",
        "decl": {
          "start": { "line": 41, "column": 19 },
          "end": { "line": 41, "column": 20 }
        },
        "loc": {
          "start": { "line": 41, "column": 35 },
          "end": { "line": 44, "column": 1 }
        },
        "line": 41
      },
      "5": {
        "name": "(anonymous_5)",
        "decl": {
          "start": { "line": 49, "column": 19 },
          "end": { "line": 49, "column": 20 }
        },
        "loc": {
          "start": { "line": 49, "column": 34 },
          "end": { "line": 57, "column": 1 }
        },
        "line": 49
      },
      "6": {
        "name": "(anonymous_6)",
        "decl": {
          "start": { "line": 59, "column": 22 },
          "end": { "line": 59, "column": 23 }
        },
        "loc": {
          "start": { "line": 60, "column": 2 },
          "end": { "line": 60, "column": 67 }
        },
        "line": 60
      },
      "7": {
        "name": "(anonymous_7)",
        "decl": {
          "start": { "line": 60, "column": 29 },
          "end": { "line": 60, "column": 30 }
        },
        "loc": {
          "start": { "line": 60, "column": 35 },
          "end": { "line": 60, "column": 66 }
        },
        "line": 60
      },
      "8": {
        "name": "(anonymous_8)",
        "decl": {
          "start": { "line": 62, "column": 30 },
          "end": { "line": 62, "column": 31 }
        },
        "loc": {
          "start": { "line": 63, "column": 2 },
          "end": { "line": 65, "column": 3 }
        },
        "line": 63
      },
      "9": {
        "name": "(anonymous_9)",
        "decl": {
          "start": { "line": 63, "column": 29 },
          "end": { "line": 63, "column": 30 }
        },
        "loc": {
          "start": { "line": 64, "column": 4 },
          "end": { "line": 64, "column": 49 }
        },
        "line": 64
      }
    },
    "branchMap": {
      "0": {
        "loc": {
          "start": { "line": 3, "column": 2 },
          "end": { "line": 17, "column": 3 }
        },
        "type": "if",
        "locations": [
          {
            "start": { "line": 3, "column": 2 },
            "end": { "line": 17, "column": 3 }
          },
          {
            "start": { "line": 5, "column": 9 },
            "end": { "line": 17, "column": 3 }
          }
        ],
        "line": 3
      },
      "1": {
        "loc": {
          "start": { "line": 13, "column": 6 },
          "end": { "line": 15, "column": 7 }
        },
        "type": "if",
        "locations": [
          {
            "start": { "line": 13, "column": 6 },
            "end": { "line": 15, "column": 7 }
          },
          { "start": {}, "end": {} }
        ],
        "line": 13
      },
      "2": {
        "loc": {
          "start": { "line": 23, "column": 2 },
          "end": { "line": 25, "column": 3 }
        },
        "type": "if",
        "locations": [
          {
            "start": { "line": 23, "column": 2 },
            "end": { "line": 25, "column": 3 }
          },
          { "start": {}, "end": {} }
        ],
        "line": 23
      },
      "3": {
        "loc": {
          "start": { "line": 30, "column": 2 },
          "end": { "line": 32, "column": 3 }
        },
        "type": "if",
        "locations": [
          {
            "start": { "line": 30, "column": 2 },
            "end": { "line": 32, "column": 3 }
          },
          { "start": {}, "end": {} }
        ],
        "line": 30
      },
      "4": {
        "loc": {
          "start": { "line": 38, "column": 11 },
          "end": { "line": 38, "column": 24 }
        },
        "type": "cond-expr",
        "locations": [
          {
            "start": { "line": 38, "column": 19 },
            "end": { "line": 38, "column": 20 }
          },
          {
            "start": { "line": 38, "column": 23 },
            "end": { "line": 38, "column": 24 }
          }
        ],
        "line": 38
      },
      "5": {
        "loc": {
          "start": { "line": 43, "column": 11 },
          "end": { "line": 43, "column": 24 }
        },
        "type": "cond-expr",
        "locations": [
          {
            "start": { "line": 43, "column": 19 },
            "end": { "line": 43, "column": 20 }
          },
          {
            "start": { "line": 43, "column": 23 },
            "end": { "line": 43, "column": 24 }
          }
        ],
        "line": 43
      },
      "6": {
        "loc": {
          "start": { "line": 52, "column": 4 },
          "end": { "line": 54, "column": 5 }
        },
        "type": "if",
        "locations": [
          {
            "start": { "line": 52, "column": 4 },
            "end": { "line": 54, "column": 5 }
          },
          { "start": {}, "end": {} }
        ],
        "line": 52
      }
    },
    "s": {
      "0": 1,
      "1": 6,
      "2": 0,
      "3": 6,
      "4": 6,
      "5": 6,
      "6": 26,
      "7": 3,
      "8": 3,
      "9": 1,
      "10": 1,
      "11": 0,
      "12": 1,
      "13": 1,
      "14": 1,
      "15": 1,
      "16": 0,
      "17": 1,
      "18": 1,
      "19": 1,
      "20": 1,
      "21": 1,
      "22": 1,
      "23": 1,
      "24": 1,
      "25": 8,
      "26": 8,
      "27": 2,
      "28": 1,
      "29": 1,
      "30": 1,
      "31": 10,
      "32": 1,
      "33": 1,
      "34": 12,
      "35": 1,
      "36": 1
    },
    "f": {
      "0": 6,
      "1": 1,
      "2": 1,
      "3": 1,
      "4": 1,
      "5": 1,
      "6": 1,
      "7": 10,
      "8": 1,
      "9": 12
    },
    "b": {
      "0": [0, 6],
      "1": [3, 23],
      "2": [0, 1],
      "3": [1, 0],
      "4": [0, 1],
      "5": [1, 0],
      "6": [2, 6]
    },
    "_coverageSchema": "1a1c01bbd47fc00a2c39e90264f33305004495a9",
    "hash": "4ec7585684975b323b27f5fe87d26a7b9fbd50b7"
  }
}
