TN:
SF:src\lesson-2.js
FN:48,(anonymous_0)
FNF:1
FNH:1
FNDA:2,(anonymous_0)
DA:3,1
DA:7,1
DA:9,1
DA:11,1
DA:14,1
DA:17,1
DA:19,1
DA:22,1
DA:24,1
DA:27,1
DA:29,1
DA:32,1
DA:34,1
DA:37,1
DA:40,1
DA:41,1
DA:43,1
DA:44,4
DA:46,1
DA:48,1
DA:49,2
DA:50,2
DA:51,9
DA:53,2
DA:56,1
DA:58,1
DA:60,1
DA:61,8
DA:62,2
DA:66,1
DA:67,8
DA:68,2
DA:72,1
DA:73,8
DA:74,4
LF:35
LH:35
BRDA:61,0,0,2
BRDA:61,0,1,6
BRDA:61,1,0,8
BRDA:61,1,1,4
BRDA:67,2,0,2
BRDA:67,2,1,6
BRDA:67,3,0,8
BRDA:67,3,1,4
BRDA:73,4,0,4
BRDA:73,4,1,4
BRDA:73,5,0,8
BRDA:73,5,1,7
BRF:12
BRH:12
end_of_record
TN:
SF:src\lesson-3.js
FN:2,(anonymous_0)
FN:22,(anonymous_1)
FN:29,(anonymous_2)
FN:36,(anonymous_3)
FN:41,(anonymous_4)
FN:49,(anonymous_5)
FN:59,(anonymous_6)
FN:60,(anonymous_7)
FN:62,(anonymous_8)
FN:63,(anonymous_9)
FNF:10
FNH:10
FNDA:6,(anonymous_0)
FNDA:1,(anonymous_1)
FNDA:1,(anonymous_2)
FNDA:1,(anonymous_3)
FNDA:1,(anonymous_4)
FNDA:1,(anonymous_5)
FNDA:1,(anonymous_6)
FNDA:10,(anonymous_7)
FNDA:1,(anonymous_8)
FNDA:12,(anonymous_9)
DA:2,1
DA:3,6
DA:4,0
DA:6,6
DA:12,6
DA:13,26
DA:14,3
DA:18,3
DA:22,1
DA:23,1
DA:24,0
DA:26,1
DA:29,1
DA:30,1
DA:31,1
DA:33,0
DA:36,1
DA:38,1
DA:41,1
DA:43,1
DA:47,1
DA:49,1
DA:50,1
DA:51,8
DA:52,8
DA:53,2
DA:56,1
DA:59,1
DA:60,10
DA:62,1
DA:63,1
DA:64,12
DA:67,1
DA:69,1
LF:34
LH:31
BRDA:3,0,0,0
BRDA:3,0,1,6
BRDA:13,1,0,3
BRDA:13,1,1,23
BRDA:23,2,0,0
BRDA:23,2,1,1
BRDA:30,3,0,1
BRDA:30,3,1,0
BRDA:38,4,0,0
BRDA:38,4,1,1
BRDA:43,5,0,1
BRDA:43,5,1,0
BRDA:52,6,0,2
BRDA:52,6,1,6
BRF:14
BRH:9
end_of_record
